Logfile initialized
[INFO] logfile = /Users/fgengine/Dropbox/Titanium/HintSolutions/titanium-tools/build.log
[DEBUG] /Users/fgengine/Library/Application Support/Titanium/mobilesdk/osx/2.1.0.GA/android/builder.py simulator titanium-tools /Users/fgengine/Android SDK/ /Users/fgengine/Dropbox/Titanium/HintSolutions/titanium-tools ru.titanium.tools 8 WVGA854 
[INFO] Building titanium-tools for Android ... one moment
[INFO] Titanium SDK version: 2.1.0 (06/28/12 12:16 6e3cab6)
[DEBUG] Waiting for device to be ready ...
[TRACE] adb devices returned 1 devices/emulators
[DEBUG] Android classes.dex built
[TRACE] adb devices returned 1 devices/emulators
[DEBUG] creating unsigned apk: /Users/fgengine/Dropbox/Titanium/HintSolutions/titanium-tools/build/android/bin/app-unsigned.apk
[DEBUG] from resource zip => assets/Resources/Images/Backgrounds/Dark.png
[DEBUG] from resource zip => assets/Resources/Images/Backgrounds/Light.png
[DEBUG] from resource zip => assets/Resources/Images/Button/Classic/Normal.Center.png
[DEBUG] from resource zip => assets/Resources/Images/Button/Classic/Normal.Left.png
[DEBUG] from resource zip => assets/Resources/Images/Button/Classic/Normal.Right.png
[DEBUG] from resource zip => assets/Resources/Images/Button/Classic/Select.Center.png
[DEBUG] from resource zip => assets/Resources/Images/Button/Classic/Select.Left.png
[DEBUG] from resource zip => assets/Resources/Images/Button/Classic/Select.Right.png
[DEBUG] from resource zip => assets/Resources/Images/Button/Flat/Normal.Bottom.png
[DEBUG] from resource zip => assets/Resources/Images/Button/Flat/Normal.BottomLeft.png
[DEBUG] from resource zip => assets/Resources/Images/Button/Flat/Normal.BottomRight.png
[DEBUG] from resource zip => assets/Resources/Images/Button/Flat/Normal.Center.png
[DEBUG] from resource zip => assets/Resources/Images/Button/Flat/Normal.Left.png
[DEBUG] from resource zip => assets/Resources/Images/Button/Flat/Normal.Right.png
[DEBUG] from resource zip => assets/Resources/Images/Button/Flat/Normal.Top.png
[DEBUG] from resource zip => assets/Resources/Images/Button/Flat/Normal.TopLeft.png
[DEBUG] from resource zip => assets/Resources/Images/Button/Flat/Normal.TopRight.png
[DEBUG] from resource zip => assets/Resources/Images/Button/Flat/Select.Bottom.png
[DEBUG] from resource zip => assets/Resources/Images/Button/Flat/Select.BottomLeft.png
[DEBUG] from resource zip => assets/Resources/Images/Button/Flat/Select.BottomRight.png
[DEBUG] from resource zip => assets/Resources/Images/Button/Flat/Select.Center.png
[DEBUG] from resource zip => assets/Resources/Images/Button/Flat/Select.Left.png
[DEBUG] from resource zip => assets/Resources/Images/Button/Flat/Select.Right.png
[DEBUG] from resource zip => assets/Resources/Images/Button/Flat/Select.Top.png
[DEBUG] from resource zip => assets/Resources/Images/Button/Flat/Select.TopLeft.png
[DEBUG] from resource zip => assets/Resources/Images/Button/Flat/Select.TopRight.png
[DEBUG] from resource zip => assets/Resources/Images/Glyph/Icon/High/Asset_1.png
[DEBUG] from resource zip => assets/Resources/Images/Glyph/Icon/High/Asset_2.png
[DEBUG] from resource zip => assets/Resources/Images/Glyph/Icon/High/Auto_1.png
[DEBUG] from resource zip => assets/Resources/Images/Glyph/Icon/High/Auto_2.png
[DEBUG] from resource zip => assets/Resources/Images/Glyph/Icon/High/Key.png
[DEBUG] from resource zip => assets/Resources/Images/Glyph/Icon/High/Person_1.png
[DEBUG] from resource zip => assets/Resources/Images/Glyph/Icon/High/Person_2.png
[DEBUG] from resource zip => assets/Resources/Images/Glyph/Icon/Low/Asset_1.png
[DEBUG] from resource zip => assets/Resources/Images/Glyph/Icon/Low/Asset_2.png
[DEBUG] from resource zip => assets/Resources/Images/Glyph/Icon/Low/Auto_1.png
[DEBUG] from resource zip => assets/Resources/Images/Glyph/Icon/Low/Auto_2.png
[DEBUG] from resource zip => assets/Resources/Images/Glyph/Icon/Low/Key.png
[DEBUG] from resource zip => assets/Resources/Images/Glyph/Icon/Low/Person_1.png
[DEBUG] from resource zip => assets/Resources/Images/Glyph/Icon/Low/Person_2.png
[DEBUG] from resource zip => assets/Resources/Images/Glyph/Icon/Mid/Asset_1.png
[DEBUG] from resource zip => assets/Resources/Images/Glyph/Icon/Mid/Asset_2.png
[DEBUG] from resource zip => assets/Resources/Images/Glyph/Icon/Mid/Auto_1.png
[DEBUG] from resource zip => assets/Resources/Images/Glyph/Icon/Mid/Auto_2.png
[DEBUG] from resource zip => assets/Resources/Images/Glyph/Icon/Mid/Key.png
[DEBUG] from resource zip => assets/Resources/Images/Glyph/Icon/Mid/Person_1.png
[DEBUG] from resource zip => assets/Resources/Images/Glyph/Icon/Mid/Person_2.png
[DEBUG] from resource zip => assets/Resources/Images/Navbar/Normal.Center.png
[DEBUG] from resource zip => assets/Resources/Images/Other/Divider.png
[DEBUG] from resource zip => assets/Resources/Images/Panel/Classic/Normal.Bottom.png
[DEBUG] from resource zip => assets/Resources/Images/Panel/Classic/Normal.BottomLeft.png
[DEBUG] from resource zip => assets/Resources/Images/Panel/Classic/Normal.BottomRight.png
[DEBUG] from resource zip => assets/Resources/Images/Panel/Classic/Normal.Center.png
[DEBUG] from resource zip => assets/Resources/Images/Panel/Classic/Normal.Left.png
[DEBUG] from resource zip => assets/Resources/Images/Panel/Classic/Normal.Right.png
[DEBUG] from resource zip => assets/Resources/Images/Panel/Classic/Normal.Top.png
[DEBUG] from resource zip => assets/Resources/Images/Panel/Classic/Normal.TopLeft.png
[DEBUG] from resource zip => assets/Resources/Images/Panel/Classic/Normal.TopRight.png
[DEBUG] from resource zip => assets/Resources/Images/Panel/Tips/Normal.Bottom.png
[DEBUG] from resource zip => assets/Resources/Images/Panel/Tips/Normal.BottomLeft.png
[DEBUG] from resource zip => assets/Resources/Images/Panel/Tips/Normal.BottomRight.png
[DEBUG] from resource zip => assets/Resources/Images/Panel/Tips/Normal.Center.png
[DEBUG] from resource zip => assets/Resources/Images/Panel/Tips/Normal.Left.png
[DEBUG] from resource zip => assets/Resources/Images/Panel/Tips/Normal.Right.png
[DEBUG] from resource zip => assets/Resources/Images/Panel/Tips/Normal.Top.png
[DEBUG] from resource zip => assets/Resources/Images/Panel/Tips/Normal.TopLeft.png
[DEBUG] from resource zip => assets/Resources/Images/Panel/Tips/Normal.TopRight.png
[DEBUG] from resource zip => assets/Resources/Images/ProgressBar/Classic/Empty.Center.png
[DEBUG] from resource zip => assets/Resources/Images/ProgressBar/Classic/Empty.Left.png
[DEBUG] from resource zip => assets/Resources/Images/ProgressBar/Classic/Empty.Right.png
[DEBUG] from resource zip => assets/Resources/Images/ProgressBar/Classic/Full.Center.png
[DEBUG] from resource zip => assets/Resources/Images/ProgressBar/Classic/Full.Left.png
[DEBUG] from resource zip => assets/Resources/Images/ProgressBar/Classic/Full.Right.png
[DEBUG] from resource zip => assets/Resources/Images/TabGroup/Repet_elements_25-02.png
[DEBUG] from resource zip => assets/Resources/Images/TabGroup/Repet_elements_25-03.png
[DEBUG] from resource zip => assets/Resources/Images/TabGroup/Repet_elements_25-04.png
[DEBUG] from resource zip => assets/Resources/Images/TabGroup/Repet_elements_25-05.png
[DEBUG] from resource zip => assets/Resources/Images/TabGroup/Repet_elements_25-06.png
[DEBUG] from resource zip => assets/Resources/Images/TabGroup/Repet_elements_25-07.png
[DEBUG] from resource zip => assets/Resources/Images/TabGroup/Repet_elements_25-08.png
[DEBUG] from resource zip => assets/Resources/Images/TabGroup/Repet_elements_25-09.png
[DEBUG] from resource zip => assets/Resources/Images/TabGroup/Repet_elements_25.png
[DEBUG] from resource zip => assets/Resources/Images/Tabbar/Normal.Center.png
[DEBUG] from resource zip => assets/Resources/Images/Tabbar/Normal.Footer.png
[DEBUG] from resource zip => assets/Resources/Images/Table/Normal.Bottom.png
[DEBUG] from resource zip => assets/Resources/Images/Table/Normal.BottomLeft.png
[DEBUG] from resource zip => assets/Resources/Images/Table/Normal.BottomRight.png
[DEBUG] from resource zip => assets/Resources/Images/Table/Normal.Center.png
[DEBUG] from resource zip => assets/Resources/Images/Table/Normal.Left.png
[DEBUG] from resource zip => assets/Resources/Images/Table/Normal.Right.png
[DEBUG] from resource zip => assets/Resources/Images/Table/Normal.Top.png
[DEBUG] from resource zip => assets/Resources/Images/Table/Normal.TopLeft.png
[DEBUG] from resource zip => assets/Resources/Images/Table/Normal.TopRight.png
[DEBUG] from resource zip => assets/Resources/Presets/Android.json
[DEBUG] from resource zip => assets/Resources/Presets/iOS.json
[DEBUG] from resource zip => assets/Resources/Tools/Tools.CSV.js
[DEBUG] from resource zip => assets/Resources/Tools/Tools.DateTime.js
[DEBUG] from resource zip => assets/Resources/Tools/Tools.Filesystem.js
[DEBUG] from resource zip => assets/Resources/Tools/Tools.GeoLocation.js
[DEBUG] from resource zip => assets/Resources/Tools/Tools.HTML.js
[DEBUG] from resource zip => assets/Resources/Tools/Tools.HTTP.js
[DEBUG] from resource zip => assets/Resources/Tools/Tools.JSON.js
[DEBUG] from resource zip => assets/Resources/Tools/Tools.Object.js
[DEBUG] from resource zip => assets/Resources/Tools/Tools.Platform.js
[DEBUG] from resource zip => assets/Resources/Tools/Tools.Storage.js
[DEBUG] from resource zip => assets/Resources/Tools/Tools.String.js
[DEBUG] from resource zip => assets/Resources/Tools/Tools.UI.Controls.js
[DEBUG] from resource zip => assets/Resources/Tools/Tools.UI.Loader.js
[DEBUG] from resource zip => assets/Resources/Tools/Tools.UI.Preset.js
[DEBUG] from resource zip => assets/Resources/Tools/Tools.Utils.js
[DEBUG] from resource zip => assets/Resources/Tools/Tools.XML.js
[DEBUG] from resource zip => assets/Resources/Tools/Tools.js
[DEBUG] from resource zip => assets/Resources/Views/First.json
[DEBUG] from resource zip => assets/Resources/app.js
[DEBUG] from resource zip => assets/Resources/appicon.png
[DEBUG] from resource zip => assets/Resources/default.png
[DEBUG] from resource zip => assets/Resources/viewFirst.js
[DEBUG] from resource zip => assets/app.json
[DEBUG] from resource zip => assets/index.json
[DEBUG] from resource zip => assets/tiapp.xml
[DEBUG] from resource zip => res/drawable/appicon.png
[DEBUG] from resource zip => res/drawable/background.png
[DEBUG] from resource zip => res/drawable/close.png
[DEBUG] from resource zip => res/drawable/facebook_login.png
[DEBUG] from resource zip => res/drawable/facebook_login_down.png
[DEBUG] from resource zip => res/drawable/facebook_login_wide.png
[DEBUG] from resource zip => res/drawable/facebook_login_wide_down.png
[DEBUG] from resource zip => res/drawable/facebook_logout.png
[DEBUG] from resource zip => res/drawable/facebook_logout_down.png
[DEBUG] from resource zip => res/layout/titanium_tabgroup.xml
[DEBUG] from resource zip => AndroidManifest.xml
[DEBUG] from resource zip => resources.arsc
[DEBUG] from resource zip => res/drawable-hdpi/close.png
[DEBUG] from resource zip => res/drawable-ldpi/close.png
[DEBUG] from resource zip => res/drawable-long-land-hdpi/background.png
[DEBUG] from resource zip => res/drawable-long-land-hdpi/default_d44e27d97b.png
[DEBUG] from resource zip => res/drawable-long-land-ldpi/background.png
[DEBUG] from resource zip => res/drawable-long-land-ldpi/default_d44e27d97b.png
[DEBUG] from resource zip => res/drawable-long-port-hdpi/background.png
[DEBUG] from resource zip => res/drawable-long-port-hdpi/default_d44e27d97b.png
[DEBUG] from resource zip => res/drawable-long-port-ldpi/background.png
[DEBUG] from resource zip => res/drawable-long-port-ldpi/default_d44e27d97b.png
[DEBUG] from resource zip => res/drawable-notlong-land-hdpi/background.png
[DEBUG] from resource zip => res/drawable-notlong-land-hdpi/default_d44e27d97b.png
[DEBUG] from resource zip => res/drawable-notlong-land-ldpi/background.png
[DEBUG] from resource zip => res/drawable-notlong-land-ldpi/default_d44e27d97b.png
[DEBUG] from resource zip => res/drawable-notlong-land-mdpi/background.png
[DEBUG] from resource zip => res/drawable-notlong-land-mdpi/default_d44e27d97b.png
[DEBUG] from resource zip => res/drawable-notlong-port-hdpi/background.png
[DEBUG] from resource zip => res/drawable-notlong-port-hdpi/default_d44e27d97b.png
[DEBUG] from resource zip => res/drawable-notlong-port-ldpi/background.png
[DEBUG] from resource zip => res/drawable-notlong-port-ldpi/default_d44e27d97b.png
[DEBUG] from resource zip => res/drawable-notlong-port-mdpi/background.png
[DEBUG] from resource zip => res/drawable-notlong-port-mdpi/default_d44e27d97b.png
[TRACE] adb devices returned 1 devices/emulators
[DEBUG] from JAR /Users/fgengine/Library/Application Support/Titanium/mobilesdk/osx/2.1.0.GA/android/thirdparty.jar => org/apache/Commons-NOTICE.txt
[DEBUG] from JAR /Users/fgengine/Library/Application Support/Titanium/mobilesdk/osx/2.1.0.GA/android/thirdparty.jar => org/apache/HttpComponents-NOTICE.txt
[DEBUG] from JAR /Users/fgengine/Library/Application Support/Titanium/mobilesdk/osx/2.1.0.GA/android/thirdparty.jar => org/apache/mime4j-NOTICE.txt
[DEBUG] from JAR /Users/fgengine/Library/Application Support/Titanium/mobilesdk/osx/2.1.0.GA/android/modules/titanium-facebook.jar => ti/modules/titanium/facebook/LICENSE
[DEBUG] from JAR /Users/fgengine/Library/Application Support/Titanium/mobilesdk/osx/2.1.0.GA/android/titanium.jar => org/appcelerator/titanium/build.properties
[DEBUG] from JAR /Users/fgengine/Library/Application Support/Titanium/mobilesdk/osx/2.1.0.GA/android/titanium.jar => org/appcelerator/titanium/res/drawable/background.png
[DEBUG] from JAR /Users/fgengine/Library/Application Support/Titanium/mobilesdk/osx/2.1.0.GA/android/titanium.jar => org/appcelerator/titanium/res/drawable/btn_check_buttonless_on.png
[DEBUG] from JAR /Users/fgengine/Library/Application Support/Titanium/mobilesdk/osx/2.1.0.GA/android/titanium.jar => org/appcelerator/titanium/res/drawable/btn_check_buttonless_on_18.png
[DEBUG] from JAR /Users/fgengine/Library/Application Support/Titanium/mobilesdk/osx/2.1.0.GA/android/titanium.jar => org/appcelerator/titanium/res/drawable/btn_check_buttonless_on_48.png
[DEBUG] from JAR /Users/fgengine/Library/Application Support/Titanium/mobilesdk/osx/2.1.0.GA/android/titanium.jar => org/appcelerator/titanium/res/drawable/btn_more.png
[DEBUG] from JAR /Users/fgengine/Library/Application Support/Titanium/mobilesdk/osx/2.1.0.GA/android/titanium.jar => org/appcelerator/titanium/res/drawable/btn_more_18.png
[DEBUG] from JAR /Users/fgengine/Library/Application Support/Titanium/mobilesdk/osx/2.1.0.GA/android/titanium.jar => org/appcelerator/titanium/res/drawable/btn_more_48.png
[DEBUG] from JAR /Users/fgengine/Library/Application Support/Titanium/mobilesdk/osx/2.1.0.GA/android/titanium.jar => org/appcelerator/titanium/res/drawable/btn_picker_normal.9.png
[DEBUG] from JAR /Users/fgengine/Library/Application Support/Titanium/mobilesdk/osx/2.1.0.GA/android/titanium.jar => org/appcelerator/titanium/res/drawable/btn_picker_pressed.9.png
[DEBUG] from JAR /Users/fgengine/Library/Application Support/Titanium/mobilesdk/osx/2.1.0.GA/android/titanium.jar => org/appcelerator/titanium/res/drawable/btn_picker_selected.9.png
[DEBUG] from JAR /Users/fgengine/Library/Application Support/Titanium/mobilesdk/osx/2.1.0.GA/android/titanium.jar => org/appcelerator/titanium/res/drawable/default_icon.png
[DEBUG] from JAR /Users/fgengine/Library/Application Support/Titanium/mobilesdk/osx/2.1.0.GA/android/titanium.jar => org/appcelerator/titanium/res/drawable/photoDefault.png
[DEBUG] from JAR /Users/fgengine/Library/Application Support/Titanium/mobilesdk/osx/2.1.0.GA/android/modules/titanium-ui.jar => ti/modules/titanium/ui/widget/webview/binding.js
[DEBUG] from JAR /Users/fgengine/Library/Application Support/Titanium/mobilesdk/osx/2.1.0.GA/android/modules/titanium-ui.jar => ti/modules/titanium/ui/widget/webview/binding.min.js
[DEBUG] from JAR /Users/fgengine/Library/Application Support/Titanium/mobilesdk/osx/2.1.0.GA/android/modules/titanium-ui.jar => ti/modules/titanium/ui/widget/webview/json2.js
[DEBUG] installing native SDK libs
[TRACE] adb devices returned 1 devices/emulators
[DEBUG] Waiting for device to be ready ...
[TRACE] adb devices returned 1 devices/emulators
[TRACE] adb devices returned 1 devices/emulators
[TRACE] adb devices returned 1 devices/emulators
[TRACE] adb devices returned 1 devices/emulators
[DEBUG] Device connected... (waited 25 seconds)
[DEBUG] waited 25.177219 seconds on emulator to get ready
[INFO] Waiting for the Android Emulator to become available
[TRACE] adb devices returned 1 devices/emulators
[DEBUG] Device connected... (waited 10 seconds)
[DEBUG] waited 10.070996 seconds on emulator to get ready
[INFO] Waiting for the Android Emulator to become available
[INFO] Installing application on emulator
[DEBUG] ru.titanium.tools installed? False
[INFO] Fastdev server running, deploying in Fastdev mode
[INFO] Copying CommonJS modules...
[INFO] Copying project resources..
[INFO] Tiapp.xml unchanged, skipping class generation
[DEBUG] Processing Android resource drawables
[DEBUG] found drawable-long-land-hdpi splash screen at /Users/fgengine/Dropbox/Titanium/HintSolutions/titanium-tools/Resources/android/images/res-long-land-hdpi/default.png
[DEBUG] found drawable-long-land-ldpi splash screen at /Users/fgengine/Dropbox/Titanium/HintSolutions/titanium-tools/Resources/android/images/res-long-land-ldpi/default.png
[DEBUG] found drawable-long-port-hdpi splash screen at /Users/fgengine/Dropbox/Titanium/HintSolutions/titanium-tools/Resources/android/images/res-long-port-hdpi/default.png
[DEBUG] found drawable-long-port-ldpi splash screen at /Users/fgengine/Dropbox/Titanium/HintSolutions/titanium-tools/Resources/android/images/res-long-port-ldpi/default.png
[DEBUG] found drawable-notlong-land-hdpi splash screen at /Users/fgengine/Dropbox/Titanium/HintSolutions/titanium-tools/Resources/android/images/res-notlong-land-hdpi/default.png
[DEBUG] found drawable-notlong-land-ldpi splash screen at /Users/fgengine/Dropbox/Titanium/HintSolutions/titanium-tools/Resources/android/images/res-notlong-land-ldpi/default.png
[DEBUG] found drawable-notlong-land-mdpi splash screen at /Users/fgengine/Dropbox/Titanium/HintSolutions/titanium-tools/Resources/android/images/res-notlong-land-mdpi/default.png
[DEBUG] found drawable-notlong-port-hdpi splash screen at /Users/fgengine/Dropbox/Titanium/HintSolutions/titanium-tools/Resources/android/images/res-notlong-port-hdpi/default.png
[DEBUG] found drawable-notlong-port-ldpi splash screen at /Users/fgengine/Dropbox/Titanium/HintSolutions/titanium-tools/Resources/android/images/res-notlong-port-ldpi/default.png
[DEBUG] found drawable-notlong-port-mdpi splash screen at /Users/fgengine/Dropbox/Titanium/HintSolutions/titanium-tools/Resources/android/images/res-notlong-port-mdpi/default.png
[INFO] Waiting for SDCard to become available..
[DEBUG] creating unsigned apk: /Users/fgengine/Dropbox/Titanium/HintSolutions/titanium-tools/build/android/bin/app-unsigned.apk
[DEBUG] from resource zip => assets/Resources/Images/Backgrounds/Dark.png
[DEBUG] from resource zip => assets/Resources/Images/Backgrounds/Light.png
[DEBUG] from resource zip => assets/Resources/Images/Button/Classic/Normal.Center.png
[DEBUG] from resource zip => assets/Resources/Images/Button/Classic/Normal.Left.png
[DEBUG] from resource zip => assets/Resources/Images/Button/Classic/Normal.Right.png
[DEBUG] from resource zip => assets/Resources/Images/Button/Classic/Select.Center.png
[DEBUG] from resource zip => assets/Resources/Images/Button/Classic/Select.Left.png
[DEBUG] from resource zip => assets/Resources/Images/Button/Classic/Select.Right.png
[DEBUG] from resource zip => assets/Resources/Images/Button/Flat/Normal.Bottom.png
[DEBUG] from resource zip => assets/Resources/Images/Button/Flat/Normal.BottomLeft.png
[DEBUG] from resource zip => assets/Resources/Images/Button/Flat/Normal.BottomRight.png
[DEBUG] from resource zip => assets/Resources/Images/Button/Flat/Normal.Center.png
[DEBUG] from resource zip => assets/Resources/Images/Button/Flat/Normal.Left.png
[DEBUG] from resource zip => assets/Resources/Images/Button/Flat/Normal.Right.png
[DEBUG] from resource zip => assets/Resources/Images/Button/Flat/Normal.Top.png
[DEBUG] from resource zip => assets/Resources/Images/Button/Flat/Normal.TopLeft.png
[DEBUG] from resource zip => assets/Resources/Images/Button/Flat/Normal.TopRight.png
[DEBUG] from resource zip => assets/Resources/Images/Button/Flat/Select.Bottom.png
[DEBUG] from resource zip => assets/Resources/Images/Button/Flat/Select.BottomLeft.png
[DEBUG] from resource zip => assets/Resources/Images/Button/Flat/Select.BottomRight.png
[DEBUG] from resource zip => assets/Resources/Images/Button/Flat/Select.Center.png
[DEBUG] from resource zip => assets/Resources/Images/Button/Flat/Select.Left.png
[DEBUG] from resource zip => assets/Resources/Images/Button/Flat/Select.Right.png
[DEBUG] from resource zip => assets/Resources/Images/Button/Flat/Select.Top.png
[DEBUG] from resource zip => assets/Resources/Images/Button/Flat/Select.TopLeft.png
[DEBUG] from resource zip => assets/Resources/Images/Button/Flat/Select.TopRight.png
[DEBUG] from resource zip => assets/Resources/Images/Glyph/Icon/High/Asset_1.png
[DEBUG] from resource zip => assets/Resources/Images/Glyph/Icon/High/Asset_2.png
[DEBUG] from resource zip => assets/Resources/Images/Glyph/Icon/High/Auto_1.png
[DEBUG] from resource zip => assets/Resources/Images/Glyph/Icon/High/Auto_2.png
[DEBUG] from resource zip => assets/Resources/Images/Glyph/Icon/High/Key.png
[DEBUG] from resource zip => assets/Resources/Images/Glyph/Icon/High/Person_1.png
[DEBUG] from resource zip => assets/Resources/Images/Glyph/Icon/High/Person_2.png
[DEBUG] from resource zip => assets/Resources/Images/Glyph/Icon/Low/Asset_1.png
[DEBUG] from resource zip => assets/Resources/Images/Glyph/Icon/Low/Asset_2.png
[DEBUG] from resource zip => assets/Resources/Images/Glyph/Icon/Low/Auto_1.png
[DEBUG] from resource zip => assets/Resources/Images/Glyph/Icon/Low/Auto_2.png
[DEBUG] from resource zip => assets/Resources/Images/Glyph/Icon/Low/Key.png
[DEBUG] from resource zip => assets/Resources/Images/Glyph/Icon/Low/Person_1.png
[DEBUG] from resource zip => assets/Resources/Images/Glyph/Icon/Low/Person_2.png
[DEBUG] from resource zip => assets/Resources/Images/Glyph/Icon/Mid/Asset_1.png
[DEBUG] from resource zip => assets/Resources/Images/Glyph/Icon/Mid/Asset_2.png
[DEBUG] from resource zip => assets/Resources/Images/Glyph/Icon/Mid/Auto_1.png
[DEBUG] from resource zip => assets/Resources/Images/Glyph/Icon/Mid/Auto_2.png
[DEBUG] from resource zip => assets/Resources/Images/Glyph/Icon/Mid/Key.png
[DEBUG] from resource zip => assets/Resources/Images/Glyph/Icon/Mid/Person_1.png
[DEBUG] from resource zip => assets/Resources/Images/Glyph/Icon/Mid/Person_2.png
[DEBUG] from resource zip => assets/Resources/Images/Navbar/Normal.Center.png
[DEBUG] from resource zip => assets/Resources/Images/Other/Divider.png
[DEBUG] from resource zip => assets/Resources/Images/Panel/Classic/Normal.Bottom.png
[DEBUG] from resource zip => assets/Resources/Images/Panel/Classic/Normal.BottomLeft.png
[DEBUG] from resource zip => assets/Resources/Images/Panel/Classic/Normal.BottomRight.png
[DEBUG] from resource zip => assets/Resources/Images/Panel/Classic/Normal.Center.png
[DEBUG] from resource zip => assets/Resources/Images/Panel/Classic/Normal.Left.png
[DEBUG] from resource zip => assets/Resources/Images/Panel/Classic/Normal.Right.png
[DEBUG] from resource zip => assets/Resources/Images/Panel/Classic/Normal.Top.png
[DEBUG] from resource zip => assets/Resources/Images/Panel/Classic/Normal.TopLeft.png
[DEBUG] from resource zip => assets/Resources/Images/Panel/Classic/Normal.TopRight.png
[DEBUG] from resource zip => assets/Resources/Images/Panel/Tips/Normal.Bottom.png
[DEBUG] from resource zip => assets/Resources/Images/Panel/Tips/Normal.BottomLeft.png
[DEBUG] from resource zip => assets/Resources/Images/Panel/Tips/Normal.BottomRight.png
[DEBUG] from resource zip => assets/Resources/Images/Panel/Tips/Normal.Center.png
[DEBUG] from resource zip => assets/Resources/Images/Panel/Tips/Normal.Left.png
[DEBUG] from resource zip => assets/Resources/Images/Panel/Tips/Normal.Right.png
[DEBUG] from resource zip => assets/Resources/Images/Panel/Tips/Normal.Top.png
[DEBUG] from resource zip => assets/Resources/Images/Panel/Tips/Normal.TopLeft.png
[DEBUG] from resource zip => assets/Resources/Images/Panel/Tips/Normal.TopRight.png
[DEBUG] from resource zip => assets/Resources/Images/ProgressBar/Classic/Empty.Center.png
[DEBUG] from resource zip => assets/Resources/Images/ProgressBar/Classic/Empty.Left.png
[DEBUG] from resource zip => assets/Resources/Images/ProgressBar/Classic/Empty.Right.png
[DEBUG] from resource zip => assets/Resources/Images/ProgressBar/Classic/Full.Center.png
[DEBUG] from resource zip => assets/Resources/Images/ProgressBar/Classic/Full.Left.png
[DEBUG] from resource zip => assets/Resources/Images/ProgressBar/Classic/Full.Right.png
[DEBUG] from resource zip => assets/Resources/Images/TabGroup/Repet_elements_25-02.png
[DEBUG] from resource zip => assets/Resources/Images/TabGroup/Repet_elements_25-03.png
[DEBUG] from resource zip => assets/Resources/Images/TabGroup/Repet_elements_25-04.png
[DEBUG] from resource zip => assets/Resources/Images/TabGroup/Repet_elements_25-05.png
[DEBUG] from resource zip => assets/Resources/Images/TabGroup/Repet_elements_25-06.png
[DEBUG] from resource zip => assets/Resources/Images/TabGroup/Repet_elements_25-07.png
[DEBUG] from resource zip => assets/Resources/Images/TabGroup/Repet_elements_25-08.png
[DEBUG] from resource zip => assets/Resources/Images/TabGroup/Repet_elements_25-09.png
[DEBUG] from resource zip => assets/Resources/Images/TabGroup/Repet_elements_25.png
[DEBUG] from resource zip => assets/Resources/Images/Tabbar/Normal.Center.png
[DEBUG] from resource zip => assets/Resources/Images/Tabbar/Normal.Footer.png
[DEBUG] from resource zip => assets/Resources/Images/Table/Normal.Bottom.png
[DEBUG] from resource zip => assets/Resources/Images/Table/Normal.BottomLeft.png
[DEBUG] from resource zip => assets/Resources/Images/Table/Normal.BottomRight.png
[DEBUG] from resource zip => assets/Resources/Images/Table/Normal.Center.png
[DEBUG] from resource zip => assets/Resources/Images/Table/Normal.Left.png
[DEBUG] from resource zip => assets/Resources/Images/Table/Normal.Right.png
[DEBUG] from resource zip => assets/Resources/Images/Table/Normal.Top.png
[DEBUG] from resource zip => assets/Resources/Images/Table/Normal.TopLeft.png
[DEBUG] from resource zip => assets/Resources/Images/Table/Normal.TopRight.png
[DEBUG] from resource zip => assets/Resources/Presets/Android.json
[DEBUG] from resource zip => assets/Resources/Presets/iOS.json
[DEBUG] from resource zip => assets/Resources/Tools/Tools.CSV.js
[DEBUG] from resource zip => assets/Resources/Tools/Tools.DateTime.js
[DEBUG] from resource zip => assets/Resources/Tools/Tools.Filesystem.js
[DEBUG] from resource zip => assets/Resources/Tools/Tools.GeoLocation.js
[DEBUG] from resource zip => assets/Resources/Tools/Tools.HTML.js
[DEBUG] from resource zip => assets/Resources/Tools/Tools.HTTP.js
[DEBUG] from resource zip => assets/Resources/Tools/Tools.JSON.js
[DEBUG] from resource zip => assets/Resources/Tools/Tools.Object.js
[DEBUG] from resource zip => assets/Resources/Tools/Tools.Platform.js
[DEBUG] from resource zip => assets/Resources/Tools/Tools.Storage.js
[DEBUG] from resource zip => assets/Resources/Tools/Tools.String.js
[DEBUG] from resource zip => assets/Resources/Tools/Tools.UI.Controls.js
[DEBUG] from resource zip => assets/Resources/Tools/Tools.UI.Loader.js
[DEBUG] from resource zip => assets/Resources/Tools/Tools.UI.Preset.js
[DEBUG] from resource zip => assets/Resources/Tools/Tools.Utils.js
[DEBUG] from resource zip => assets/Resources/Tools/Tools.XML.js
[DEBUG] from resource zip => assets/Resources/Tools/Tools.js
[DEBUG] from resource zip => assets/Resources/Views/First.json
[DEBUG] from resource zip => assets/Resources/app.js
[DEBUG] from resource zip => assets/Resources/appicon.png
[DEBUG] from resource zip => assets/Resources/default.png
[DEBUG] from resource zip => assets/Resources/viewFirst.js
[DEBUG] from resource zip => assets/app.json
[DEBUG] from resource zip => assets/index.json
[DEBUG] from resource zip => assets/tiapp.xml
[DEBUG] from resource zip => res/drawable/appicon.png
[DEBUG] from resource zip => res/drawable/background.png
[DEBUG] from resource zip => res/drawable/close.png
[DEBUG] from resource zip => res/drawable/facebook_login.png
[DEBUG] from resource zip => res/drawable/facebook_login_down.png
[DEBUG] from resource zip => res/drawable/facebook_login_wide.png
[DEBUG] from resource zip => res/drawable/facebook_login_wide_down.png
[DEBUG] from resource zip => res/drawable/facebook_logout.png
[DEBUG] from resource zip => res/drawable/facebook_logout_down.png
[DEBUG] from resource zip => res/layout/titanium_tabgroup.xml
[DEBUG] from resource zip => AndroidManifest.xml
[DEBUG] from resource zip => resources.arsc
[DEBUG] from resource zip => res/drawable-hdpi/close.png
[DEBUG] from resource zip => res/drawable-ldpi/close.png
[DEBUG] from resource zip => res/drawable-long-land-hdpi/background.png
[DEBUG] from resource zip => res/drawable-long-land-hdpi/default_d44e27d97b.png
[DEBUG] from resource zip => res/drawable-long-land-ldpi/background.png
[DEBUG] from resource zip => res/drawable-long-land-ldpi/default_d44e27d97b.png
[DEBUG] from resource zip => res/drawable-long-port-hdpi/background.png
[DEBUG] from resource zip => res/drawable-long-port-hdpi/default_d44e27d97b.png
[DEBUG] from resource zip => res/drawable-long-port-ldpi/background.png
[DEBUG] from resource zip => res/drawable-long-port-ldpi/default_d44e27d97b.png
[DEBUG] from resource zip => res/drawable-notlong-land-hdpi/background.png
[DEBUG] from resource zip => res/drawable-notlong-land-hdpi/default_d44e27d97b.png
[DEBUG] from resource zip => res/drawable-notlong-land-ldpi/background.png
[DEBUG] from resource zip => res/drawable-notlong-land-ldpi/default_d44e27d97b.png
[DEBUG] from resource zip => res/drawable-notlong-land-mdpi/background.png
[DEBUG] from resource zip => res/drawable-notlong-land-mdpi/default_d44e27d97b.png
[DEBUG] from resource zip => res/drawable-notlong-port-hdpi/background.png
[DEBUG] from resource zip => res/drawable-notlong-port-hdpi/default_d44e27d97b.png
[DEBUG] from resource zip => res/drawable-notlong-port-ldpi/background.png
[DEBUG] from resource zip => res/drawable-notlong-port-ldpi/default_d44e27d97b.png
[DEBUG] from resource zip => res/drawable-notlong-port-mdpi/background.png
[DEBUG] from resource zip => res/drawable-notlong-port-mdpi/default_d44e27d97b.png
[DEBUG] from JAR /Users/fgengine/Library/Application Support/Titanium/mobilesdk/osx/2.1.0.GA/android/thirdparty.jar => org/apache/Commons-NOTICE.txt
[DEBUG] from JAR /Users/fgengine/Library/Application Support/Titanium/mobilesdk/osx/2.1.0.GA/android/thirdparty.jar => org/apache/HttpComponents-NOTICE.txt
[DEBUG] from JAR /Users/fgengine/Library/Application Support/Titanium/mobilesdk/osx/2.1.0.GA/android/thirdparty.jar => org/apache/mime4j-NOTICE.txt
[DEBUG] from JAR /Users/fgengine/Library/Application Support/Titanium/mobilesdk/osx/2.1.0.GA/android/modules/titanium-facebook.jar => ti/modules/titanium/facebook/LICENSE
[DEBUG] from JAR /Users/fgengine/Library/Application Support/Titanium/mobilesdk/osx/2.1.0.GA/android/titanium.jar => org/appcelerator/titanium/build.properties
[DEBUG] from JAR /Users/fgengine/Library/Application Support/Titanium/mobilesdk/osx/2.1.0.GA/android/titanium.jar => org/appcelerator/titanium/res/drawable/background.png
[DEBUG] from JAR /Users/fgengine/Library/Application Support/Titanium/mobilesdk/osx/2.1.0.GA/android/titanium.jar => org/appcelerator/titanium/res/drawable/btn_check_buttonless_on.png
[DEBUG] from JAR /Users/fgengine/Library/Application Support/Titanium/mobilesdk/osx/2.1.0.GA/android/titanium.jar => org/appcelerator/titanium/res/drawable/btn_check_buttonless_on_18.png
[DEBUG] from JAR /Users/fgengine/Library/Application Support/Titanium/mobilesdk/osx/2.1.0.GA/android/titanium.jar => org/appcelerator/titanium/res/drawable/btn_check_buttonless_on_48.png
[DEBUG] from JAR /Users/fgengine/Library/Application Support/Titanium/mobilesdk/osx/2.1.0.GA/android/titanium.jar => org/appcelerator/titanium/res/drawable/btn_more.png
[DEBUG] from JAR /Users/fgengine/Library/Application Support/Titanium/mobilesdk/osx/2.1.0.GA/android/titanium.jar => org/appcelerator/titanium/res/drawable/btn_more_18.png
[DEBUG] from JAR /Users/fgengine/Library/Application Support/Titanium/mobilesdk/osx/2.1.0.GA/android/titanium.jar => org/appcelerator/titanium/res/drawable/btn_more_48.png
[DEBUG] from JAR /Users/fgengine/Library/Application Support/Titanium/mobilesdk/osx/2.1.0.GA/android/titanium.jar => org/appcelerator/titanium/res/drawable/btn_picker_normal.9.png
[DEBUG] from JAR /Users/fgengine/Library/Application Support/Titanium/mobilesdk/osx/2.1.0.GA/android/titanium.jar => org/appcelerator/titanium/res/drawable/btn_picker_pressed.9.png
[DEBUG] from JAR /Users/fgengine/Library/Application Support/Titanium/mobilesdk/osx/2.1.0.GA/android/titanium.jar => org/appcelerator/titanium/res/drawable/btn_picker_selected.9.png
[DEBUG] from JAR /Users/fgengine/Library/Application Support/Titanium/mobilesdk/osx/2.1.0.GA/android/titanium.jar => org/appcelerator/titanium/res/drawable/default_icon.png
[DEBUG] from JAR /Users/fgengine/Library/Application Support/Titanium/mobilesdk/osx/2.1.0.GA/android/titanium.jar => org/appcelerator/titanium/res/drawable/photoDefault.png
[DEBUG] from JAR /Users/fgengine/Library/Application Support/Titanium/mobilesdk/osx/2.1.0.GA/android/modules/titanium-ui.jar => ti/modules/titanium/ui/widget/webview/binding.js
[DEBUG] from JAR /Users/fgengine/Library/Application Support/Titanium/mobilesdk/osx/2.1.0.GA/android/modules/titanium-ui.jar => ti/modules/titanium/ui/widget/webview/binding.min.js
[DEBUG] from JAR /Users/fgengine/Library/Application Support/Titanium/mobilesdk/osx/2.1.0.GA/android/modules/titanium-ui.jar => ti/modules/titanium/ui/widget/webview/json2.js
[DEBUG] installing native SDK libs
[DEBUG] Waiting for device to be ready ...
[TRACE] adb devices returned 1 devices/emulators
[DEBUG] Device connected... (waited 0 seconds)
[DEBUG] waited 0.025730 seconds on emulator to get ready
[INFO] Installing application on emulator
[INFO] Launching application ... titanium-tools
[TRACE] Launch output: Starting: Intent { act=android.intent.action.MAIN cat=[android.intent.category.LAUNCHER] cmp=ru.titanium.tools/.TitaniumToolsActivity }

[INFO] Deployed titanium-tools ... Application should be running.
[ERROR] Failed installing ru.titanium.tools: 	pkg: /data/local/tmp/app.apk
Failure [INSTALL_FAILED_INSUFFICIENT_STORAGE]
rm failed for /data/local/tmp/app.apk, No such file or directory

[DEBUG] signal caught: 15
